{"src\\contracts\\DaoToken.sol":{"l":{"15":156},"path":"C:\\Users\\Aruet\\ObligatorioTaller2\\Obligatorio-Taller2---Politi-Ruete-Alvarez\\src\\contracts\\DaoToken.sol","s":{"1":156},"b":{"1":[156,1]},"f":{"1":95,"2":156},"fnMap":{"1":{"name":"constructor","line":12,"loc":{"start":{"line":8,"column":4},"end":{"line":12,"column":51}}},"2":{"name":"mint","line":14,"loc":{"start":{"line":14,"column":4},"end":{"line":16,"column":4}}}},"statementMap":{"1":{"start":{"line":15,"column":8},"end":{"line":15,"column":24}}},"branchMap":{"1":{"line":14,"type":"if","locations":[{"start":{"line":14,"column":55},"end":{"line":14,"column":55}},{"start":{"line":14,"column":55},"end":{"line":14,"column":55}}]}}},"src\\contracts\\GovernanceAdmin.sol":{"l":{"14":6,"15":1,"17":5,"18":5,"29":2,"40":5,"46":3,"47":3,"51":1,"52":1,"58":5,"59":1,"63":4,"64":4,"65":0,"68":4,"69":4,"70":1,"73":3,"74":3,"78":150,"79":2,"81":148},"path":"C:\\Users\\Aruet\\ObligatorioTaller2\\Obligatorio-Taller2---Politi-Ruete-Alvarez\\src\\contracts\\GovernanceAdmin.sol","s":{"1":6,"2":5,"3":2,"4":5,"5":3,"6":1,"7":5,"8":4,"9":4,"10":4,"11":4,"12":3,"13":3,"14":150,"15":148},"b":{"1":[6,1],"2":[1,5],"3":[2,1],"4":[5,1],"5":[3,1],"6":[1,0],"7":[5,1],"8":[1,4],"9":[0,4],"10":[1,3],"11":[3,0],"12":[150,1],"13":[2,148],"14":[1,1]},"f":{"1":6,"2":2,"3":5,"4":3,"5":1,"6":5,"7":150},"fnMap":{"1":{"name":"setPanicWallet","line":13,"loc":{"start":{"line":13,"column":4},"end":{"line":19,"column":4}}},"2":{"name":"setParameters","line":28,"loc":{"start":{"line":21,"column":4},"end":{"line":37,"column":4}}},"3":{"name":"setQuorum","line":39,"loc":{"start":{"line":39,"column":4},"end":{"line":41,"column":4}}},"4":{"name":"panico","line":45,"loc":{"start":{"line":45,"column":4},"end":{"line":48,"column":4}}},"5":{"name":"tranquilidad","line":50,"loc":{"start":{"line":50,"column":4},"end":{"line":53,"column":4}}},"6":{"name":"buyTokens","line":57,"loc":{"start":{"line":57,"column":4},"end":{"line":75,"column":4}}},"7":{"name":"mintDaoTokens","line":77,"loc":{"start":{"line":77,"column":4},"end":{"line":82,"column":4}}}},"statementMap":{"1":{"start":{"line":14,"column":8},"end":{"line":14,"column":410}},"2":{"start":{"line":18,"column":8},"end":{"line":18,"column":47}},"3":{"start":{"line":29,"column":8},"end":{"line":29,"column":880}},"4":{"start":{"line":40,"column":8},"end":{"line":40,"column":60}},"5":{"start":{"line":47,"column":8},"end":{"line":47,"column":39}},"6":{"start":{"line":52,"column":8},"end":{"line":52,"column":38}},"7":{"start":{"line":58,"column":8},"end":{"line":58,"column":1697}},"8":{"start":{"line":63,"column":8},"end":{"line":63,"column":64}},"9":{"start":{"line":64,"column":8},"end":{"line":64,"column":1895}},"10":{"start":{"line":68,"column":8},"end":{"line":68,"column":56}},"11":{"start":{"line":69,"column":8},"end":{"line":69,"column":2040}},"12":{"start":{"line":73,"column":8},"end":{"line":73,"column":57}},"13":{"start":{"line":74,"column":8},"end":{"line":74,"column":43}},"14":{"start":{"line":78,"column":8},"end":{"line":78,"column":2324}},"15":{"start":{"line":81,"column":8},"end":{"line":81,"column":29}}},"branchMap":{"1":{"line":13,"type":"if","locations":[{"start":{"line":13,"column":61},"end":{"line":13,"column":61}},{"start":{"line":13,"column":61},"end":{"line":13,"column":61}}]},"2":{"line":14,"type":"if","locations":[{"start":{"line":14,"column":8},"end":{"line":14,"column":8}},{"start":{"line":14,"column":8},"end":{"line":14,"column":8}}]},"3":{"line":28,"type":"if","locations":[{"start":{"line":28,"column":15},"end":{"line":28,"column":15}},{"start":{"line":28,"column":15},"end":{"line":28,"column":15}}]},"4":{"line":39,"type":"if","locations":[{"start":{"line":39,"column":88},"end":{"line":39,"column":88}},{"start":{"line":39,"column":88},"end":{"line":39,"column":88}}]},"5":{"line":45,"type":"if","locations":[{"start":{"line":45,"column":31},"end":{"line":45,"column":31}},{"start":{"line":45,"column":31},"end":{"line":45,"column":31}}]},"6":{"line":50,"type":"if","locations":[{"start":{"line":50,"column":37},"end":{"line":50,"column":37}},{"start":{"line":50,"column":37},"end":{"line":50,"column":37}}]},"7":{"line":57,"type":"if","locations":[{"start":{"line":57,"column":42},"end":{"line":57,"column":42}},{"start":{"line":57,"column":42},"end":{"line":57,"column":42}}]},"8":{"line":58,"type":"if","locations":[{"start":{"line":58,"column":8},"end":{"line":58,"column":8}},{"start":{"line":58,"column":8},"end":{"line":58,"column":8}}]},"9":{"line":64,"type":"if","locations":[{"start":{"line":64,"column":8},"end":{"line":64,"column":8}},{"start":{"line":64,"column":8},"end":{"line":64,"column":8}}]},"10":{"line":69,"type":"if","locations":[{"start":{"line":69,"column":8},"end":{"line":69,"column":8}},{"start":{"line":69,"column":8},"end":{"line":69,"column":8}}]},"11":{"line":74,"type":"if","locations":[{"start":{"line":74,"column":8},"end":{"line":74,"column":8}},{"start":{"line":74,"column":8},"end":{"line":74,"column":8}}]},"12":{"line":77,"type":"if","locations":[{"start":{"line":77,"column":64},"end":{"line":77,"column":64}},{"start":{"line":77,"column":64},"end":{"line":77,"column":64}}]},"13":{"line":78,"type":"if","locations":[{"start":{"line":78,"column":8},"end":{"line":78,"column":8}},{"start":{"line":78,"column":8},"end":{"line":78,"column":8}}]},"14":{"line":78,"type":"cond-expr","locations":[{"start":{"line":78,"column":12},"end":{"line":78,"column":27}},{"start":{"line":78,"column":32},"end":{"line":78,"column":42}}]}}},"src\\contracts\\GovernanceBase.sol":{"l":{"123":137,"124":1,"126":136,"127":0,"129":136,"133":5,"134":1,"136":4,"151":91,"152":1,"154":90,"157":90,"158":90,"160":90,"169":85,"180":92,"187":6,"190":86,"191":86,"192":86,"193":86,"194":86,"195":86,"197":86,"208":90,"209":4,"211":86,"212":4,"215":82,"216":82,"218":82},"path":"C:\\Users\\Aruet\\ObligatorioTaller2\\Obligatorio-Taller2---Politi-Ruete-Alvarez\\src\\contracts\\GovernanceBase.sol","s":{"1":137,"2":136,"3":5,"4":91,"5":90,"6":90,"7":85,"8":92,"9":86,"10":90,"11":86,"12":82},"b":{"1":[1,136],"2":[0,136],"3":[1,4],"4":[1,90],"5":[6,86],"6":[2,1],"7":[1,1],"8":[1,1],"9":[1,1],"10":[4,86],"11":[2,2],"12":[4,82],"13":[2,2]},"f":{"1":137,"2":5,"3":91,"4":92,"5":90},"fnMap":{"1":{"name":"daoOperational","line":122,"loc":{"start":{"line":122,"column":4},"end":{"line":130,"column":4}}},"2":{"name":"onlyPanicWallet","line":132,"loc":{"start":{"line":132,"column":4},"end":{"line":137,"column":4}}},"3":{"name":"constructor","line":150,"loc":{"start":{"line":139,"column":4},"end":{"line":170,"column":4}}},"4":{"name":"_updateParameters","line":172,"loc":{"start":{"line":172,"column":4},"end":{"line":205,"column":4}}},"5":{"name":"_updateQuorum","line":207,"loc":{"start":{"line":207,"column":4},"end":{"line":219,"column":4}}}},"statementMap":{"1":{"start":{"line":123,"column":8},"end":{"line":123,"column":4125}},"2":{"start":{"line":126,"column":8},"end":{"line":126,"column":4194}},"3":{"start":{"line":133,"column":8},"end":{"line":133,"column":4343}},"4":{"start":{"line":151,"column":8},"end":{"line":151,"column":4859}},"5":{"start":{"line":158,"column":8},"end":{"line":158,"column":45}},"6":{"start":{"line":160,"column":8},"end":{"line":160,"column":5179}},"7":{"start":{"line":169,"column":8},"end":{"line":169,"column":60}},"8":{"start":{"line":180,"column":8},"end":{"line":180,"column":5767}},"9":{"start":{"line":197,"column":8},"end":{"line":197,"column":6336}},"10":{"start":{"line":208,"column":8},"end":{"line":208,"column":6683}},"11":{"start":{"line":211,"column":8},"end":{"line":211,"column":6800}},"12":{"start":{"line":218,"column":8},"end":{"line":218,"column":66}}},"branchMap":{"1":{"line":123,"type":"if","locations":[{"start":{"line":123,"column":8},"end":{"line":123,"column":8}},{"start":{"line":123,"column":8},"end":{"line":123,"column":8}}]},"2":{"line":126,"type":"if","locations":[{"start":{"line":126,"column":8},"end":{"line":126,"column":8}},{"start":{"line":126,"column":8},"end":{"line":126,"column":8}}]},"3":{"line":133,"type":"if","locations":[{"start":{"line":133,"column":8},"end":{"line":133,"column":8}},{"start":{"line":133,"column":8},"end":{"line":133,"column":8}}]},"4":{"line":151,"type":"if","locations":[{"start":{"line":151,"column":8},"end":{"line":151,"column":8}},{"start":{"line":151,"column":8},"end":{"line":151,"column":8}}]},"5":{"line":180,"type":"if","locations":[{"start":{"line":180,"column":8},"end":{"line":180,"column":8}},{"start":{"line":180,"column":8},"end":{"line":180,"column":8}}]},"6":{"line":181,"type":"cond-expr","locations":[{"start":{"line":181,"column":12},"end":{"line":181,"column":30}},{"start":{"line":182,"column":12},"end":{"line":182,"column":34}}]},"7":{"line":181,"type":"cond-expr","locations":[{"start":{"line":181,"column":12},"end":{"line":182,"column":34}},{"start":{"line":183,"column":12},"end":{"line":183,"column":37}}]},"8":{"line":181,"type":"cond-expr","locations":[{"start":{"line":181,"column":12},"end":{"line":183,"column":37}},{"start":{"line":184,"column":12},"end":{"line":184,"column":33}}]},"9":{"line":181,"type":"cond-expr","locations":[{"start":{"line":181,"column":12},"end":{"line":184,"column":33}},{"start":{"line":185,"column":12},"end":{"line":185,"column":35}}]},"10":{"line":208,"type":"if","locations":[{"start":{"line":208,"column":8},"end":{"line":208,"column":8}},{"start":{"line":208,"column":8},"end":{"line":208,"column":8}}]},"11":{"line":208,"type":"cond-expr","locations":[{"start":{"line":208,"column":12},"end":{"line":208,"column":33}},{"start":{"line":208,"column":38},"end":{"line":208,"column":60}}]},"12":{"line":211,"type":"if","locations":[{"start":{"line":211,"column":8},"end":{"line":211,"column":8}},{"start":{"line":211,"column":8},"end":{"line":211,"column":8}}]},"13":{"line":211,"type":"cond-expr","locations":[{"start":{"line":211,"column":12},"end":{"line":211,"column":35}},{"start":{"line":211,"column":40},"end":{"line":211,"column":64}}]}}},"src\\contracts\\GovernanceDAO.sol":{"l":{},"path":"C:\\Users\\Aruet\\ObligatorioTaller2\\Obligatorio-Taller2---Politi-Ruete-Alvarez\\src\\contracts\\GovernanceDAO.sol","s":{},"b":{},"f":{"1":81},"fnMap":{"1":{"name":"constructor","line":45,"loc":{"start":{"line":22,"column":4},"end":{"line":46,"column":5}}}},"statementMap":{},"branchMap":{}},"src\\contracts\\GovernanceProposals.sol":{"l":{"16":21,"25":10,"26":2,"28":8,"38":29,"39":29,"40":1,"43":28,"45":28,"46":28,"47":28,"48":28,"49":28,"50":28,"51":28,"52":28,"53":28,"54":28,"55":28,"57":28,"58":28,"62":26,"63":26,"64":1,"66":25,"67":0,"69":25,"70":1,"72":24,"73":1,"76":23,"77":23,"78":2,"81":21,"82":21,"83":0,"86":21,"88":21,"89":17,"91":4,"94":21,"98":19,"99":19,"100":1,"102":18,"103":1,"105":17,"106":1,"110":16,"113":16,"114":16,"115":16,"116":1,"117":1,"118":1,"123":15,"124":15,"125":15,"126":11,"128":4,"131":0,"134":15,"138":6,"139":6,"140":1,"142":5,"143":2,"145":3,"146":1,"149":2,"151":2,"152":2,"154":2,"160":7,"161":7,"162":1,"164":6,"168":1},"path":"C:\\Users\\Aruet\\ObligatorioTaller2\\Obligatorio-Taller2---Politi-Ruete-Alvarez\\src\\contracts\\GovernanceProposals.sol","s":{"1":21,"2":10,"3":8,"4":29,"5":29,"6":28,"7":28,"8":28,"9":28,"10":26,"11":26,"12":25,"13":25,"14":24,"15":23,"16":23,"17":21,"18":21,"19":21,"20":21,"21":19,"22":19,"23":18,"24":17,"25":16,"26":16,"27":16,"28":16,"29":1,"30":15,"31":15,"32":15,"33":15,"34":6,"35":6,"36":5,"37":3,"38":2,"39":2,"40":2,"41":7,"42":7,"43":6,"44":1},"b":{"1":[21,0],"2":[10,0],"3":[2,8],"4":[1,1],"5":[1,28],"6":[26,0],"7":[1,25],"8":[0,25],"9":[1,24],"10":[1,23],"11":[2,21],"12":[0,21],"13":[17,4],"14":[1,18],"15":[1,17],"16":[1,16],"17":[16,0],"18":[1,15],"19":[15,0],"20":[11,4],"21":[1,5],"22":[2,3],"23":[1,1],"24":[1,2],"25":[2,0],"26":[1,6]},"f":{"1":21,"2":10,"3":29,"4":26,"5":19,"6":6,"7":7,"8":1,"9":1},"fnMap":{"1":{"name":"createProposal","line":15,"loc":{"start":{"line":12,"column":4},"end":{"line":17,"column":4}}},"2":{"name":"createTreasuryProposal","line":24,"loc":{"start":{"line":19,"column":4},"end":{"line":29,"column":4}}},"3":{"name":"_createProposal","line":31,"loc":{"start":{"line":31,"column":4},"end":{"line":59,"column":4}}},"4":{"name":"vote","line":61,"loc":{"start":{"line":61,"column":4},"end":{"line":95,"column":4}}},"5":{"name":"finalizeProposal","line":97,"loc":{"start":{"line":97,"column":4},"end":{"line":135,"column":4}}},"6":{"name":"executeTreasuryProposal","line":137,"loc":{"start":{"line":137,"column":4},"end":{"line":155,"column":4}}},"7":{"name":"getProposal","line":159,"loc":{"start":{"line":159,"column":4},"end":{"line":165,"column":4}}},"8":{"name":"getProposalsCount","line":167,"loc":{"start":{"line":167,"column":4},"end":{"line":169,"column":4}}},"9":{"name":null,"line":175,"loc":{"start":{"line":175,"column":4},"end":{"line":175,"column":33}}}},"statementMap":{"1":{"start":{"line":16,"column":8},"end":{"line":16,"column":72}},"2":{"start":{"line":25,"column":8},"end":{"line":25,"column":718}},"3":{"start":{"line":28,"column":8},"end":{"line":28,"column":75}},"4":{"start":{"line":38,"column":8},"end":{"line":38,"column":64}},"5":{"start":{"line":39,"column":8},"end":{"line":39,"column":1196}},"6":{"start":{"line":43,"column":8},"end":{"line":43,"column":45}},"7":{"start":{"line":45,"column":8},"end":{"line":45,"column":50}},"8":{"start":{"line":57,"column":8},"end":{"line":57,"column":83}},"9":{"start":{"line":58,"column":8},"end":{"line":58,"column":25}},"10":{"start":{"line":62,"column":8},"end":{"line":62,"column":50}},"11":{"start":{"line":63,"column":8},"end":{"line":63,"column":2046}},"12":{"start":{"line":66,"column":8},"end":{"line":66,"column":2137}},"13":{"start":{"line":69,"column":8},"end":{"line":69,"column":2238}},"14":{"start":{"line":72,"column":8},"end":{"line":72,"column":2334}},"15":{"start":{"line":76,"column":8},"end":{"line":76,"column":61}},"16":{"start":{"line":77,"column":8},"end":{"line":77,"column":2496}},"17":{"start":{"line":81,"column":8},"end":{"line":81,"column":47}},"18":{"start":{"line":82,"column":8},"end":{"line":82,"column":2653}},"19":{"start":{"line":88,"column":8},"end":{"line":88,"column":2786}},"20":{"start":{"line":94,"column":8},"end":{"line":94,"column":61}},"21":{"start":{"line":98,"column":8},"end":{"line":98,"column":50}},"22":{"start":{"line":99,"column":8},"end":{"line":99,"column":3101}},"23":{"start":{"line":102,"column":8},"end":{"line":102,"column":3192}},"24":{"start":{"line":105,"column":8},"end":{"line":105,"column":3293}},"25":{"start":{"line":110,"column":8},"end":{"line":110,"column":56}},"26":{"start":{"line":113,"column":8},"end":{"line":113,"column":3613}},"27":{"start":{"line":114,"column":12},"end":{"line":114,"column":80}},"28":{"start":{"line":115,"column":12},"end":{"line":115,"column":3741}},"29":{"start":{"line":117,"column":16},"end":{"line":117,"column":60}},"30":{"start":{"line":123,"column":8},"end":{"line":123,"column":4096}},"31":{"start":{"line":124,"column":12},"end":{"line":124,"column":78}},"32":{"start":{"line":125,"column":12},"end":{"line":125,"column":4216}},"33":{"start":{"line":134,"column":8},"end":{"line":134,"column":52}},"34":{"start":{"line":138,"column":8},"end":{"line":138,"column":50}},"35":{"start":{"line":139,"column":8},"end":{"line":139,"column":4667}},"36":{"start":{"line":142,"column":8},"end":{"line":142,"column":4755}},"37":{"start":{"line":145,"column":8},"end":{"line":145,"column":4877}},"38":{"start":{"line":151,"column":8},"end":{"line":151,"column":80}},"39":{"start":{"line":152,"column":8},"end":{"line":152,"column":42}},"40":{"start":{"line":154,"column":8},"end":{"line":154,"column":88}},"41":{"start":{"line":160,"column":8},"end":{"line":160,"column":49}},"42":{"start":{"line":161,"column":8},"end":{"line":161,"column":5434}},"43":{"start":{"line":164,"column":8},"end":{"line":164,"column":16}},"44":{"start":{"line":168,"column":8},"end":{"line":168,"column":29}}},"branchMap":{"1":{"line":15,"type":"if","locations":[{"start":{"line":15,"column":15},"end":{"line":15,"column":15}},{"start":{"line":15,"column":15},"end":{"line":15,"column":15}}]},"2":{"line":24,"type":"if","locations":[{"start":{"line":24,"column":15},"end":{"line":24,"column":15}},{"start":{"line":24,"column":15},"end":{"line":24,"column":15}}]},"3":{"line":25,"type":"if","locations":[{"start":{"line":25,"column":8},"end":{"line":25,"column":8}},{"start":{"line":25,"column":8},"end":{"line":25,"column":8}}]},"4":{"line":25,"type":"cond-expr","locations":[{"start":{"line":25,"column":12},"end":{"line":25,"column":34}},{"start":{"line":25,"column":39},"end":{"line":25,"column":49}}]},"5":{"line":39,"type":"if","locations":[{"start":{"line":39,"column":8},"end":{"line":39,"column":8}},{"start":{"line":39,"column":8},"end":{"line":39,"column":8}}]},"6":{"line":61,"type":"if","locations":[{"start":{"line":61,"column":61},"end":{"line":61,"column":61}},{"start":{"line":61,"column":61},"end":{"line":61,"column":61}}]},"7":{"line":63,"type":"if","locations":[{"start":{"line":63,"column":8},"end":{"line":63,"column":8}},{"start":{"line":63,"column":8},"end":{"line":63,"column":8}}]},"8":{"line":66,"type":"if","locations":[{"start":{"line":66,"column":8},"end":{"line":66,"column":8}},{"start":{"line":66,"column":8},"end":{"line":66,"column":8}}]},"9":{"line":69,"type":"if","locations":[{"start":{"line":69,"column":8},"end":{"line":69,"column":8}},{"start":{"line":69,"column":8},"end":{"line":69,"column":8}}]},"10":{"line":72,"type":"if","locations":[{"start":{"line":72,"column":8},"end":{"line":72,"column":8}},{"start":{"line":72,"column":8},"end":{"line":72,"column":8}}]},"11":{"line":77,"type":"if","locations":[{"start":{"line":77,"column":8},"end":{"line":77,"column":8}},{"start":{"line":77,"column":8},"end":{"line":77,"column":8}}]},"12":{"line":82,"type":"if","locations":[{"start":{"line":82,"column":8},"end":{"line":82,"column":8}},{"start":{"line":82,"column":8},"end":{"line":82,"column":8}}]},"13":{"line":88,"type":"if","locations":[{"start":{"line":88,"column":8},"end":{"line":88,"column":8}},{"start":{"line":88,"column":8},"end":{"line":88,"column":8}}]},"14":{"line":99,"type":"if","locations":[{"start":{"line":99,"column":8},"end":{"line":99,"column":8}},{"start":{"line":99,"column":8},"end":{"line":99,"column":8}}]},"15":{"line":102,"type":"if","locations":[{"start":{"line":102,"column":8},"end":{"line":102,"column":8}},{"start":{"line":102,"column":8},"end":{"line":102,"column":8}}]},"16":{"line":105,"type":"if","locations":[{"start":{"line":105,"column":8},"end":{"line":105,"column":8}},{"start":{"line":105,"column":8},"end":{"line":105,"column":8}}]},"17":{"line":113,"type":"if","locations":[{"start":{"line":113,"column":8},"end":{"line":113,"column":8}},{"start":{"line":113,"column":8},"end":{"line":113,"column":8}}]},"18":{"line":115,"type":"if","locations":[{"start":{"line":115,"column":12},"end":{"line":115,"column":12}},{"start":{"line":115,"column":12},"end":{"line":115,"column":12}}]},"19":{"line":123,"type":"if","locations":[{"start":{"line":123,"column":8},"end":{"line":123,"column":8}},{"start":{"line":123,"column":8},"end":{"line":123,"column":8}}]},"20":{"line":125,"type":"if","locations":[{"start":{"line":125,"column":12},"end":{"line":125,"column":12}},{"start":{"line":125,"column":12},"end":{"line":125,"column":12}}]},"21":{"line":139,"type":"if","locations":[{"start":{"line":139,"column":8},"end":{"line":139,"column":8}},{"start":{"line":139,"column":8},"end":{"line":139,"column":8}}]},"22":{"line":142,"type":"if","locations":[{"start":{"line":142,"column":8},"end":{"line":142,"column":8}},{"start":{"line":142,"column":8},"end":{"line":142,"column":8}}]},"23":{"line":142,"type":"cond-expr","locations":[{"start":{"line":142,"column":12},"end":{"line":142,"column":46}},{"start":{"line":142,"column":51},"end":{"line":142,"column":60}}]},"24":{"line":145,"type":"if","locations":[{"start":{"line":145,"column":8},"end":{"line":145,"column":8}},{"start":{"line":145,"column":8},"end":{"line":145,"column":8}}]},"25":{"line":152,"type":"if","locations":[{"start":{"line":152,"column":8},"end":{"line":152,"column":8}},{"start":{"line":152,"column":8},"end":{"line":152,"column":8}}]},"26":{"line":161,"type":"if","locations":[{"start":{"line":161,"column":8},"end":{"line":161,"column":8}},{"start":{"line":161,"column":8},"end":{"line":161,"column":8}}]}}},"src\\contracts\\GovernanceStaking.sol":{"l":{"13":32,"14":1,"17":31,"18":31,"20":31,"21":31,"23":31,"24":31,"26":31,"27":31,"29":31,"33":4,"34":4,"35":2,"37":2,"38":1,"41":1,"42":1,"43":1,"45":1,"47":1,"48":1,"50":1,"54":34,"55":1,"58":33,"59":33,"60":33,"62":33,"63":33,"65":33,"69":4,"70":4,"71":2,"73":2,"74":1,"77":1,"78":1,"79":1,"81":1,"85":22},"path":"C:\\Users\\Aruet\\ObligatorioTaller2\\Obligatorio-Taller2---Politi-Ruete-Alvarez\\src\\contracts\\GovernanceStaking.sol","s":{"1":32,"2":31,"3":31,"4":31,"5":31,"6":31,"7":31,"8":4,"9":4,"10":2,"11":1,"12":1,"13":1,"14":1,"15":1,"16":34,"17":33,"18":33,"19":33,"20":33,"21":4,"22":4,"23":2,"24":1,"25":1,"26":1,"27":22},"b":{"1":[32,0],"2":[1,31],"3":[31,0],"4":[4,0],"5":[2,2],"6":[1,1],"7":[1,1],"8":[1,0],"9":[34,0],"10":[1,33],"11":[33,0],"12":[4,0],"13":[2,2],"14":[1,1],"15":[1,1],"16":[1,0]},"f":{"1":32,"2":4,"3":34,"4":4,"5":22},"fnMap":{"1":{"name":"stakeForVoting","line":12,"loc":{"start":{"line":12,"column":4},"end":{"line":30,"column":4}}},"2":{"name":"unstakeFromVoting","line":32,"loc":{"start":{"line":32,"column":4},"end":{"line":51,"column":4}}},"3":{"name":"stakeForProposing","line":53,"loc":{"start":{"line":53,"column":4},"end":{"line":66,"column":4}}},"4":{"name":"unstakeFromProposing","line":68,"loc":{"start":{"line":68,"column":4},"end":{"line":82,"column":4}}},"5":{"name":"votingPower","line":84,"loc":{"start":{"line":84,"column":4},"end":{"line":86,"column":4}}}},"statementMap":{"1":{"start":{"line":13,"column":8},"end":{"line":13,"column":330}},"2":{"start":{"line":17,"column":8},"end":{"line":17,"column":56}},"3":{"start":{"line":18,"column":8},"end":{"line":18,"column":59}},"4":{"start":{"line":23,"column":8},"end":{"line":23,"column":59}},"5":{"start":{"line":26,"column":8},"end":{"line":26,"column":71}},"6":{"start":{"line":27,"column":8},"end":{"line":27,"column":43}},"7":{"start":{"line":29,"column":8},"end":{"line":29,"column":48}},"8":{"start":{"line":33,"column":8},"end":{"line":33,"column":56}},"9":{"start":{"line":34,"column":8},"end":{"line":34,"column":1071}},"10":{"start":{"line":37,"column":8},"end":{"line":37,"column":1175}},"11":{"start":{"line":41,"column":8},"end":{"line":41,"column":59}},"12":{"start":{"line":43,"column":8},"end":{"line":43,"column":59}},"13":{"start":{"line":47,"column":8},"end":{"line":47,"column":52}},"14":{"start":{"line":48,"column":8},"end":{"line":48,"column":43}},"15":{"start":{"line":50,"column":8},"end":{"line":50,"column":51}},"16":{"start":{"line":54,"column":8},"end":{"line":54,"column":1779}},"17":{"start":{"line":58,"column":8},"end":{"line":58,"column":59}},"18":{"start":{"line":62,"column":8},"end":{"line":62,"column":71}},"19":{"start":{"line":63,"column":8},"end":{"line":63,"column":43}},"20":{"start":{"line":65,"column":8},"end":{"line":65,"column":51}},"21":{"start":{"line":69,"column":8},"end":{"line":69,"column":59}},"22":{"start":{"line":70,"column":8},"end":{"line":70,"column":2320}},"23":{"start":{"line":73,"column":8},"end":{"line":73,"column":2424}},"24":{"start":{"line":78,"column":8},"end":{"line":78,"column":52}},"25":{"start":{"line":79,"column":8},"end":{"line":79,"column":43}},"26":{"start":{"line":81,"column":8},"end":{"line":81,"column":54}},"27":{"start":{"line":85,"column":8},"end":{"line":85,"column":63}}},"branchMap":{"1":{"line":12,"type":"if","locations":[{"start":{"line":12,"column":53},"end":{"line":12,"column":53}},{"start":{"line":12,"column":53},"end":{"line":12,"column":53}}]},"2":{"line":13,"type":"if","locations":[{"start":{"line":13,"column":8},"end":{"line":13,"column":8}},{"start":{"line":13,"column":8},"end":{"line":13,"column":8}}]},"3":{"line":27,"type":"if","locations":[{"start":{"line":27,"column":8},"end":{"line":27,"column":8}},{"start":{"line":27,"column":8},"end":{"line":27,"column":8}}]},"4":{"line":32,"type":"if","locations":[{"start":{"line":32,"column":56},"end":{"line":32,"column":56}},{"start":{"line":32,"column":56},"end":{"line":32,"column":56}}]},"5":{"line":34,"type":"if","locations":[{"start":{"line":34,"column":8},"end":{"line":34,"column":8}},{"start":{"line":34,"column":8},"end":{"line":34,"column":8}}]},"6":{"line":34,"type":"cond-expr","locations":[{"start":{"line":34,"column":12},"end":{"line":34,"column":22}},{"start":{"line":34,"column":27},"end":{"line":34,"column":46}}]},"7":{"line":37,"type":"if","locations":[{"start":{"line":37,"column":8},"end":{"line":37,"column":8}},{"start":{"line":37,"column":8},"end":{"line":37,"column":8}}]},"8":{"line":48,"type":"if","locations":[{"start":{"line":48,"column":8},"end":{"line":48,"column":8}},{"start":{"line":48,"column":8},"end":{"line":48,"column":8}}]},"9":{"line":53,"type":"if","locations":[{"start":{"line":53,"column":56},"end":{"line":53,"column":56}},{"start":{"line":53,"column":56},"end":{"line":53,"column":56}}]},"10":{"line":54,"type":"if","locations":[{"start":{"line":54,"column":8},"end":{"line":54,"column":8}},{"start":{"line":54,"column":8},"end":{"line":54,"column":8}}]},"11":{"line":63,"type":"if","locations":[{"start":{"line":63,"column":8},"end":{"line":63,"column":8}},{"start":{"line":63,"column":8},"end":{"line":63,"column":8}}]},"12":{"line":68,"type":"if","locations":[{"start":{"line":68,"column":59},"end":{"line":68,"column":59}},{"start":{"line":68,"column":59},"end":{"line":68,"column":59}}]},"13":{"line":70,"type":"if","locations":[{"start":{"line":70,"column":8},"end":{"line":70,"column":8}},{"start":{"line":70,"column":8},"end":{"line":70,"column":8}}]},"14":{"line":70,"type":"cond-expr","locations":[{"start":{"line":70,"column":12},"end":{"line":70,"column":22}},{"start":{"line":70,"column":27},"end":{"line":70,"column":46}}]},"15":{"line":73,"type":"if","locations":[{"start":{"line":73,"column":8},"end":{"line":73,"column":8}},{"start":{"line":73,"column":8},"end":{"line":73,"column":8}}]},"16":{"line":79,"type":"if","locations":[{"start":{"line":79,"column":8},"end":{"line":79,"column":8}},{"start":{"line":79,"column":8},"end":{"line":79,"column":8}}]}}},"src\\contracts\\interfaces\\IDaoToken.sol":{"l":{},"path":"C:\\Users\\Aruet\\ObligatorioTaller2\\Obligatorio-Taller2---Politi-Ruete-Alvarez\\src\\contracts\\interfaces\\IDaoToken.sol","s":{},"b":{},"f":{},"fnMap":{},"statementMap":{},"branchMap":{}}}