{"src\\contracts\\DaoToken.sol":{"l":{"15":130},"path":"C:\\Users\\Aruet\\ObligatorioTaller2\\Obligatorio-Taller2---Politi-Ruete-Alvarez\\src\\contracts\\DaoToken.sol","s":{"1":130},"b":{"1":[130,1]},"f":{"1":81,"2":130},"fnMap":{"1":{"name":"constructor","line":12,"loc":{"start":{"line":8,"column":4},"end":{"line":12,"column":51}}},"2":{"name":"mint","line":14,"loc":{"start":{"line":14,"column":4},"end":{"line":16,"column":4}}}},"statementMap":{"1":{"start":{"line":15,"column":8},"end":{"line":15,"column":24}}},"branchMap":{"1":{"line":14,"type":"if","locations":[{"start":{"line":14,"column":55},"end":{"line":14,"column":55}},{"start":{"line":14,"column":55},"end":{"line":14,"column":55}}]}}},"src\\contracts\\GovernanceAdmin.sol":{"l":{"14":6,"15":1,"17":5,"18":5,"29":2,"42":3,"43":3,"47":1,"48":1,"54":5,"55":1,"59":4,"60":4,"61":0,"64":4,"65":4,"66":1,"69":3,"70":3,"74":124,"75":2,"77":122},"path":"C:\\Users\\Aruet\\ObligatorioTaller2\\Obligatorio-Taller2---Politi-Ruete-Alvarez\\src\\contracts\\GovernanceAdmin.sol","s":{"1":6,"2":5,"3":2,"4":3,"5":1,"6":5,"7":4,"8":4,"9":4,"10":4,"11":3,"12":3,"13":124,"14":122},"b":{"1":[6,1],"2":[1,5],"3":[2,1],"4":[3,1],"5":[1,0],"6":[5,1],"7":[1,4],"8":[0,4],"9":[1,3],"10":[3,0],"11":[124,1],"12":[2,122],"13":[1,1]},"f":{"1":6,"2":2,"3":3,"4":1,"5":5,"6":124},"fnMap":{"1":{"name":"setPanicWallet","line":13,"loc":{"start":{"line":13,"column":4},"end":{"line":19,"column":4}}},"2":{"name":"setParameters","line":28,"loc":{"start":{"line":21,"column":4},"end":{"line":37,"column":4}}},"3":{"name":"panico","line":41,"loc":{"start":{"line":41,"column":4},"end":{"line":44,"column":4}}},"4":{"name":"tranquilidad","line":46,"loc":{"start":{"line":46,"column":4},"end":{"line":49,"column":4}}},"5":{"name":"buyTokens","line":53,"loc":{"start":{"line":53,"column":4},"end":{"line":71,"column":4}}},"6":{"name":"mintDaoTokens","line":73,"loc":{"start":{"line":73,"column":4},"end":{"line":78,"column":4}}}},"statementMap":{"1":{"start":{"line":14,"column":8},"end":{"line":14,"column":410}},"2":{"start":{"line":18,"column":8},"end":{"line":18,"column":47}},"3":{"start":{"line":29,"column":8},"end":{"line":29,"column":880}},"4":{"start":{"line":43,"column":8},"end":{"line":43,"column":39}},"5":{"start":{"line":48,"column":8},"end":{"line":48,"column":38}},"6":{"start":{"line":54,"column":8},"end":{"line":54,"column":1519}},"7":{"start":{"line":59,"column":8},"end":{"line":59,"column":64}},"8":{"start":{"line":60,"column":8},"end":{"line":60,"column":1717}},"9":{"start":{"line":64,"column":8},"end":{"line":64,"column":56}},"10":{"start":{"line":65,"column":8},"end":{"line":65,"column":1862}},"11":{"start":{"line":69,"column":8},"end":{"line":69,"column":57}},"12":{"start":{"line":70,"column":8},"end":{"line":70,"column":43}},"13":{"start":{"line":74,"column":8},"end":{"line":74,"column":2146}},"14":{"start":{"line":77,"column":8},"end":{"line":77,"column":29}}},"branchMap":{"1":{"line":13,"type":"if","locations":[{"start":{"line":13,"column":61},"end":{"line":13,"column":61}},{"start":{"line":13,"column":61},"end":{"line":13,"column":61}}]},"2":{"line":14,"type":"if","locations":[{"start":{"line":14,"column":8},"end":{"line":14,"column":8}},{"start":{"line":14,"column":8},"end":{"line":14,"column":8}}]},"3":{"line":28,"type":"if","locations":[{"start":{"line":28,"column":15},"end":{"line":28,"column":15}},{"start":{"line":28,"column":15},"end":{"line":28,"column":15}}]},"4":{"line":41,"type":"if","locations":[{"start":{"line":41,"column":31},"end":{"line":41,"column":31}},{"start":{"line":41,"column":31},"end":{"line":41,"column":31}}]},"5":{"line":46,"type":"if","locations":[{"start":{"line":46,"column":37},"end":{"line":46,"column":37}},{"start":{"line":46,"column":37},"end":{"line":46,"column":37}}]},"6":{"line":53,"type":"if","locations":[{"start":{"line":53,"column":42},"end":{"line":53,"column":42}},{"start":{"line":53,"column":42},"end":{"line":53,"column":42}}]},"7":{"line":54,"type":"if","locations":[{"start":{"line":54,"column":8},"end":{"line":54,"column":8}},{"start":{"line":54,"column":8},"end":{"line":54,"column":8}}]},"8":{"line":60,"type":"if","locations":[{"start":{"line":60,"column":8},"end":{"line":60,"column":8}},{"start":{"line":60,"column":8},"end":{"line":60,"column":8}}]},"9":{"line":65,"type":"if","locations":[{"start":{"line":65,"column":8},"end":{"line":65,"column":8}},{"start":{"line":65,"column":8},"end":{"line":65,"column":8}}]},"10":{"line":70,"type":"if","locations":[{"start":{"line":70,"column":8},"end":{"line":70,"column":8}},{"start":{"line":70,"column":8},"end":{"line":70,"column":8}}]},"11":{"line":73,"type":"if","locations":[{"start":{"line":73,"column":64},"end":{"line":73,"column":64}},{"start":{"line":73,"column":64},"end":{"line":73,"column":64}}]},"12":{"line":74,"type":"if","locations":[{"start":{"line":74,"column":8},"end":{"line":74,"column":8}},{"start":{"line":74,"column":8},"end":{"line":74,"column":8}}]},"13":{"line":74,"type":"cond-expr","locations":[{"start":{"line":74,"column":12},"end":{"line":74,"column":27}},{"start":{"line":74,"column":32},"end":{"line":74,"column":42}}]}}},"src\\contracts\\GovernanceBase.sol":{"l":{"112":111,"113":1,"115":110,"116":0,"118":110,"122":5,"123":1,"125":4,"138":73,"139":1,"141":72,"144":72,"145":72,"147":72,"165":74,"172":6,"175":68,"176":68,"177":68,"178":68,"179":68,"180":68,"182":68},"path":"C:\\Users\\Aruet\\ObligatorioTaller2\\Obligatorio-Taller2---Politi-Ruete-Alvarez\\src\\contracts\\GovernanceBase.sol","s":{"1":111,"2":110,"3":5,"4":73,"5":72,"6":72,"7":74,"8":68},"b":{"1":[1,110],"2":[0,110],"3":[1,4],"4":[1,72],"5":[6,68],"6":[2,1],"7":[1,1],"8":[1,1],"9":[1,1]},"f":{"1":111,"2":5,"3":73,"4":74},"fnMap":{"1":{"name":"daoOperational","line":111,"loc":{"start":{"line":111,"column":4},"end":{"line":119,"column":4}}},"2":{"name":"onlyPanicWallet","line":121,"loc":{"start":{"line":121,"column":4},"end":{"line":126,"column":4}}},"3":{"name":"constructor","line":137,"loc":{"start":{"line":128,"column":4},"end":{"line":155,"column":4}}},"4":{"name":"_updateParameters","line":157,"loc":{"start":{"line":157,"column":4},"end":{"line":190,"column":4}}}},"statementMap":{"1":{"start":{"line":112,"column":8},"end":{"line":112,"column":3633}},"2":{"start":{"line":115,"column":8},"end":{"line":115,"column":3702}},"3":{"start":{"line":122,"column":8},"end":{"line":122,"column":3851}},"4":{"start":{"line":138,"column":8},"end":{"line":138,"column":4293}},"5":{"start":{"line":145,"column":8},"end":{"line":145,"column":45}},"6":{"start":{"line":147,"column":8},"end":{"line":147,"column":4613}},"7":{"start":{"line":165,"column":8},"end":{"line":165,"column":5127}},"8":{"start":{"line":182,"column":8},"end":{"line":182,"column":5696}}},"branchMap":{"1":{"line":112,"type":"if","locations":[{"start":{"line":112,"column":8},"end":{"line":112,"column":8}},{"start":{"line":112,"column":8},"end":{"line":112,"column":8}}]},"2":{"line":115,"type":"if","locations":[{"start":{"line":115,"column":8},"end":{"line":115,"column":8}},{"start":{"line":115,"column":8},"end":{"line":115,"column":8}}]},"3":{"line":122,"type":"if","locations":[{"start":{"line":122,"column":8},"end":{"line":122,"column":8}},{"start":{"line":122,"column":8},"end":{"line":122,"column":8}}]},"4":{"line":138,"type":"if","locations":[{"start":{"line":138,"column":8},"end":{"line":138,"column":8}},{"start":{"line":138,"column":8},"end":{"line":138,"column":8}}]},"5":{"line":165,"type":"if","locations":[{"start":{"line":165,"column":8},"end":{"line":165,"column":8}},{"start":{"line":165,"column":8},"end":{"line":165,"column":8}}]},"6":{"line":166,"type":"cond-expr","locations":[{"start":{"line":166,"column":12},"end":{"line":166,"column":30}},{"start":{"line":167,"column":12},"end":{"line":167,"column":34}}]},"7":{"line":166,"type":"cond-expr","locations":[{"start":{"line":166,"column":12},"end":{"line":167,"column":34}},{"start":{"line":168,"column":12},"end":{"line":168,"column":37}}]},"8":{"line":166,"type":"cond-expr","locations":[{"start":{"line":166,"column":12},"end":{"line":168,"column":37}},{"start":{"line":169,"column":12},"end":{"line":169,"column":33}}]},"9":{"line":166,"type":"cond-expr","locations":[{"start":{"line":166,"column":12},"end":{"line":169,"column":33}},{"start":{"line":170,"column":12},"end":{"line":170,"column":35}}]}}},"src\\contracts\\GovernanceDAO.sol":{"l":{},"path":"C:\\Users\\Aruet\\ObligatorioTaller2\\Obligatorio-Taller2---Politi-Ruete-Alvarez\\src\\contracts\\GovernanceDAO.sol","s":{},"b":{},"f":{"1":67},"fnMap":{"1":{"name":"constructor","line":37,"loc":{"start":{"line":18,"column":4},"end":{"line":38,"column":5}}}},"statementMap":{},"branchMap":{}},"src\\contracts\\GovernanceProposals.sol":{"l":{"16":16,"25":10,"26":2,"28":8,"38":24,"39":24,"40":1,"43":23,"45":23,"46":23,"47":23,"48":23,"49":23,"50":23,"51":23,"52":23,"53":23,"54":23,"55":23,"57":23,"58":23,"62":17,"63":17,"64":1,"66":16,"67":0,"69":16,"70":1,"72":15,"73":1,"76":14,"77":14,"78":2,"81":12,"82":12,"83":0,"86":12,"88":12,"89":10,"91":2,"94":12,"98":14,"99":14,"100":1,"102":13,"103":1,"105":12,"106":1,"109":11,"110":8,"112":3,"115":11,"119":6,"120":6,"121":1,"123":5,"124":2,"126":3,"127":1,"130":2,"132":2,"133":2,"135":2,"141":3,"142":3,"143":1,"145":2,"149":1},"path":"C:\\Users\\Aruet\\ObligatorioTaller2\\Obligatorio-Taller2---Politi-Ruete-Alvarez\\src\\contracts\\GovernanceProposals.sol","s":{"1":16,"2":10,"3":8,"4":24,"5":24,"6":23,"7":23,"8":23,"9":23,"10":17,"11":17,"12":16,"13":16,"14":15,"15":14,"16":14,"17":12,"18":12,"19":12,"20":12,"21":14,"22":14,"23":13,"24":12,"25":11,"26":11,"27":6,"28":6,"29":5,"30":3,"31":2,"32":2,"33":2,"34":3,"35":3,"36":2,"37":1},"b":{"1":[16,0],"2":[10,0],"3":[2,8],"4":[1,1],"5":[1,23],"6":[17,0],"7":[1,16],"8":[0,16],"9":[1,15],"10":[1,14],"11":[2,12],"12":[0,12],"13":[10,2],"14":[1,13],"15":[1,12],"16":[1,11],"17":[8,3],"18":[1,5],"19":[2,3],"20":[1,1],"21":[1,2],"22":[2,0],"23":[1,2]},"f":{"1":16,"2":10,"3":24,"4":17,"5":14,"6":6,"7":3,"8":1,"9":1},"fnMap":{"1":{"name":"createProposal","line":15,"loc":{"start":{"line":12,"column":4},"end":{"line":17,"column":4}}},"2":{"name":"createTreasuryProposal","line":24,"loc":{"start":{"line":19,"column":4},"end":{"line":29,"column":4}}},"3":{"name":"_createProposal","line":31,"loc":{"start":{"line":31,"column":4},"end":{"line":59,"column":4}}},"4":{"name":"vote","line":61,"loc":{"start":{"line":61,"column":4},"end":{"line":95,"column":4}}},"5":{"name":"finalizeProposal","line":97,"loc":{"start":{"line":97,"column":4},"end":{"line":116,"column":4}}},"6":{"name":"executeTreasuryProposal","line":118,"loc":{"start":{"line":118,"column":4},"end":{"line":136,"column":4}}},"7":{"name":"getProposal","line":140,"loc":{"start":{"line":140,"column":4},"end":{"line":146,"column":4}}},"8":{"name":"getProposalsCount","line":148,"loc":{"start":{"line":148,"column":4},"end":{"line":150,"column":4}}},"9":{"name":null,"line":156,"loc":{"start":{"line":156,"column":4},"end":{"line":156,"column":33}}}},"statementMap":{"1":{"start":{"line":16,"column":8},"end":{"line":16,"column":72}},"2":{"start":{"line":25,"column":8},"end":{"line":25,"column":718}},"3":{"start":{"line":28,"column":8},"end":{"line":28,"column":75}},"4":{"start":{"line":38,"column":8},"end":{"line":38,"column":64}},"5":{"start":{"line":39,"column":8},"end":{"line":39,"column":1196}},"6":{"start":{"line":43,"column":8},"end":{"line":43,"column":45}},"7":{"start":{"line":45,"column":8},"end":{"line":45,"column":50}},"8":{"start":{"line":57,"column":8},"end":{"line":57,"column":83}},"9":{"start":{"line":58,"column":8},"end":{"line":58,"column":25}},"10":{"start":{"line":62,"column":8},"end":{"line":62,"column":50}},"11":{"start":{"line":63,"column":8},"end":{"line":63,"column":2046}},"12":{"start":{"line":66,"column":8},"end":{"line":66,"column":2137}},"13":{"start":{"line":69,"column":8},"end":{"line":69,"column":2238}},"14":{"start":{"line":72,"column":8},"end":{"line":72,"column":2334}},"15":{"start":{"line":76,"column":8},"end":{"line":76,"column":61}},"16":{"start":{"line":77,"column":8},"end":{"line":77,"column":2496}},"17":{"start":{"line":81,"column":8},"end":{"line":81,"column":47}},"18":{"start":{"line":82,"column":8},"end":{"line":82,"column":2653}},"19":{"start":{"line":88,"column":8},"end":{"line":88,"column":2786}},"20":{"start":{"line":94,"column":8},"end":{"line":94,"column":61}},"21":{"start":{"line":98,"column":8},"end":{"line":98,"column":50}},"22":{"start":{"line":99,"column":8},"end":{"line":99,"column":3101}},"23":{"start":{"line":102,"column":8},"end":{"line":102,"column":3192}},"24":{"start":{"line":105,"column":8},"end":{"line":105,"column":3293}},"25":{"start":{"line":109,"column":8},"end":{"line":109,"column":3390}},"26":{"start":{"line":115,"column":8},"end":{"line":115,"column":52}},"27":{"start":{"line":119,"column":8},"end":{"line":119,"column":50}},"28":{"start":{"line":120,"column":8},"end":{"line":120,"column":3749}},"29":{"start":{"line":123,"column":8},"end":{"line":123,"column":3837}},"30":{"start":{"line":126,"column":8},"end":{"line":126,"column":3959}},"31":{"start":{"line":132,"column":8},"end":{"line":132,"column":80}},"32":{"start":{"line":133,"column":8},"end":{"line":133,"column":42}},"33":{"start":{"line":135,"column":8},"end":{"line":135,"column":88}},"34":{"start":{"line":141,"column":8},"end":{"line":141,"column":49}},"35":{"start":{"line":142,"column":8},"end":{"line":142,"column":4516}},"36":{"start":{"line":145,"column":8},"end":{"line":145,"column":16}},"37":{"start":{"line":149,"column":8},"end":{"line":149,"column":29}}},"branchMap":{"1":{"line":15,"type":"if","locations":[{"start":{"line":15,"column":15},"end":{"line":15,"column":15}},{"start":{"line":15,"column":15},"end":{"line":15,"column":15}}]},"2":{"line":24,"type":"if","locations":[{"start":{"line":24,"column":15},"end":{"line":24,"column":15}},{"start":{"line":24,"column":15},"end":{"line":24,"column":15}}]},"3":{"line":25,"type":"if","locations":[{"start":{"line":25,"column":8},"end":{"line":25,"column":8}},{"start":{"line":25,"column":8},"end":{"line":25,"column":8}}]},"4":{"line":25,"type":"cond-expr","locations":[{"start":{"line":25,"column":12},"end":{"line":25,"column":34}},{"start":{"line":25,"column":39},"end":{"line":25,"column":49}}]},"5":{"line":39,"type":"if","locations":[{"start":{"line":39,"column":8},"end":{"line":39,"column":8}},{"start":{"line":39,"column":8},"end":{"line":39,"column":8}}]},"6":{"line":61,"type":"if","locations":[{"start":{"line":61,"column":61},"end":{"line":61,"column":61}},{"start":{"line":61,"column":61},"end":{"line":61,"column":61}}]},"7":{"line":63,"type":"if","locations":[{"start":{"line":63,"column":8},"end":{"line":63,"column":8}},{"start":{"line":63,"column":8},"end":{"line":63,"column":8}}]},"8":{"line":66,"type":"if","locations":[{"start":{"line":66,"column":8},"end":{"line":66,"column":8}},{"start":{"line":66,"column":8},"end":{"line":66,"column":8}}]},"9":{"line":69,"type":"if","locations":[{"start":{"line":69,"column":8},"end":{"line":69,"column":8}},{"start":{"line":69,"column":8},"end":{"line":69,"column":8}}]},"10":{"line":72,"type":"if","locations":[{"start":{"line":72,"column":8},"end":{"line":72,"column":8}},{"start":{"line":72,"column":8},"end":{"line":72,"column":8}}]},"11":{"line":77,"type":"if","locations":[{"start":{"line":77,"column":8},"end":{"line":77,"column":8}},{"start":{"line":77,"column":8},"end":{"line":77,"column":8}}]},"12":{"line":82,"type":"if","locations":[{"start":{"line":82,"column":8},"end":{"line":82,"column":8}},{"start":{"line":82,"column":8},"end":{"line":82,"column":8}}]},"13":{"line":88,"type":"if","locations":[{"start":{"line":88,"column":8},"end":{"line":88,"column":8}},{"start":{"line":88,"column":8},"end":{"line":88,"column":8}}]},"14":{"line":99,"type":"if","locations":[{"start":{"line":99,"column":8},"end":{"line":99,"column":8}},{"start":{"line":99,"column":8},"end":{"line":99,"column":8}}]},"15":{"line":102,"type":"if","locations":[{"start":{"line":102,"column":8},"end":{"line":102,"column":8}},{"start":{"line":102,"column":8},"end":{"line":102,"column":8}}]},"16":{"line":105,"type":"if","locations":[{"start":{"line":105,"column":8},"end":{"line":105,"column":8}},{"start":{"line":105,"column":8},"end":{"line":105,"column":8}}]},"17":{"line":109,"type":"if","locations":[{"start":{"line":109,"column":8},"end":{"line":109,"column":8}},{"start":{"line":109,"column":8},"end":{"line":109,"column":8}}]},"18":{"line":120,"type":"if","locations":[{"start":{"line":120,"column":8},"end":{"line":120,"column":8}},{"start":{"line":120,"column":8},"end":{"line":120,"column":8}}]},"19":{"line":123,"type":"if","locations":[{"start":{"line":123,"column":8},"end":{"line":123,"column":8}},{"start":{"line":123,"column":8},"end":{"line":123,"column":8}}]},"20":{"line":123,"type":"cond-expr","locations":[{"start":{"line":123,"column":12},"end":{"line":123,"column":46}},{"start":{"line":123,"column":51},"end":{"line":123,"column":60}}]},"21":{"line":126,"type":"if","locations":[{"start":{"line":126,"column":8},"end":{"line":126,"column":8}},{"start":{"line":126,"column":8},"end":{"line":126,"column":8}}]},"22":{"line":133,"type":"if","locations":[{"start":{"line":133,"column":8},"end":{"line":133,"column":8}},{"start":{"line":133,"column":8},"end":{"line":133,"column":8}}]},"23":{"line":142,"type":"if","locations":[{"start":{"line":142,"column":8},"end":{"line":142,"column":8}},{"start":{"line":142,"column":8},"end":{"line":142,"column":8}}]}}},"src\\contracts\\GovernanceStaking.sol":{"l":{"13":24,"14":1,"17":23,"18":23,"19":23,"21":23,"22":23,"24":23,"28":4,"29":4,"30":2,"32":2,"33":1,"36":1,"37":1,"38":1,"40":1,"44":30,"45":1,"48":29,"49":29,"50":29,"52":29,"53":29,"55":29,"59":4,"60":4,"61":2,"63":2,"64":1,"67":1,"68":1,"69":1,"71":1,"75":13},"path":"C:\\Users\\Aruet\\ObligatorioTaller2\\Obligatorio-Taller2---Politi-Ruete-Alvarez\\src\\contracts\\GovernanceStaking.sol","s":{"1":24,"2":23,"3":23,"4":23,"5":23,"6":4,"7":4,"8":2,"9":1,"10":1,"11":1,"12":30,"13":29,"14":29,"15":29,"16":29,"17":4,"18":4,"19":2,"20":1,"21":1,"22":1,"23":13},"b":{"1":[24,0],"2":[1,23],"3":[23,0],"4":[4,0],"5":[2,2],"6":[1,1],"7":[1,1],"8":[1,0],"9":[30,0],"10":[1,29],"11":[29,0],"12":[4,0],"13":[2,2],"14":[1,1],"15":[1,1],"16":[1,0]},"f":{"1":24,"2":4,"3":30,"4":4,"5":13},"fnMap":{"1":{"name":"stakeForVoting","line":12,"loc":{"start":{"line":12,"column":4},"end":{"line":25,"column":4}}},"2":{"name":"unstakeFromVoting","line":27,"loc":{"start":{"line":27,"column":4},"end":{"line":41,"column":4}}},"3":{"name":"stakeForProposing","line":43,"loc":{"start":{"line":43,"column":4},"end":{"line":56,"column":4}}},"4":{"name":"unstakeFromProposing","line":58,"loc":{"start":{"line":58,"column":4},"end":{"line":72,"column":4}}},"5":{"name":"votingPower","line":74,"loc":{"start":{"line":74,"column":4},"end":{"line":76,"column":4}}}},"statementMap":{"1":{"start":{"line":13,"column":8},"end":{"line":13,"column":330}},"2":{"start":{"line":17,"column":8},"end":{"line":17,"column":56}},"3":{"start":{"line":21,"column":8},"end":{"line":21,"column":71}},"4":{"start":{"line":22,"column":8},"end":{"line":22,"column":43}},"5":{"start":{"line":24,"column":8},"end":{"line":24,"column":48}},"6":{"start":{"line":28,"column":8},"end":{"line":28,"column":56}},"7":{"start":{"line":29,"column":8},"end":{"line":29,"column":859}},"8":{"start":{"line":32,"column":8},"end":{"line":32,"column":963}},"9":{"start":{"line":37,"column":8},"end":{"line":37,"column":52}},"10":{"start":{"line":38,"column":8},"end":{"line":38,"column":43}},"11":{"start":{"line":40,"column":8},"end":{"line":40,"column":51}},"12":{"start":{"line":44,"column":8},"end":{"line":44,"column":1355}},"13":{"start":{"line":48,"column":8},"end":{"line":48,"column":59}},"14":{"start":{"line":52,"column":8},"end":{"line":52,"column":71}},"15":{"start":{"line":53,"column":8},"end":{"line":53,"column":43}},"16":{"start":{"line":55,"column":8},"end":{"line":55,"column":51}},"17":{"start":{"line":59,"column":8},"end":{"line":59,"column":59}},"18":{"start":{"line":60,"column":8},"end":{"line":60,"column":1896}},"19":{"start":{"line":63,"column":8},"end":{"line":63,"column":2000}},"20":{"start":{"line":68,"column":8},"end":{"line":68,"column":52}},"21":{"start":{"line":69,"column":8},"end":{"line":69,"column":43}},"22":{"start":{"line":71,"column":8},"end":{"line":71,"column":54}},"23":{"start":{"line":75,"column":8},"end":{"line":75,"column":63}}},"branchMap":{"1":{"line":12,"type":"if","locations":[{"start":{"line":12,"column":53},"end":{"line":12,"column":53}},{"start":{"line":12,"column":53},"end":{"line":12,"column":53}}]},"2":{"line":13,"type":"if","locations":[{"start":{"line":13,"column":8},"end":{"line":13,"column":8}},{"start":{"line":13,"column":8},"end":{"line":13,"column":8}}]},"3":{"line":22,"type":"if","locations":[{"start":{"line":22,"column":8},"end":{"line":22,"column":8}},{"start":{"line":22,"column":8},"end":{"line":22,"column":8}}]},"4":{"line":27,"type":"if","locations":[{"start":{"line":27,"column":56},"end":{"line":27,"column":56}},{"start":{"line":27,"column":56},"end":{"line":27,"column":56}}]},"5":{"line":29,"type":"if","locations":[{"start":{"line":29,"column":8},"end":{"line":29,"column":8}},{"start":{"line":29,"column":8},"end":{"line":29,"column":8}}]},"6":{"line":29,"type":"cond-expr","locations":[{"start":{"line":29,"column":12},"end":{"line":29,"column":22}},{"start":{"line":29,"column":27},"end":{"line":29,"column":46}}]},"7":{"line":32,"type":"if","locations":[{"start":{"line":32,"column":8},"end":{"line":32,"column":8}},{"start":{"line":32,"column":8},"end":{"line":32,"column":8}}]},"8":{"line":38,"type":"if","locations":[{"start":{"line":38,"column":8},"end":{"line":38,"column":8}},{"start":{"line":38,"column":8},"end":{"line":38,"column":8}}]},"9":{"line":43,"type":"if","locations":[{"start":{"line":43,"column":56},"end":{"line":43,"column":56}},{"start":{"line":43,"column":56},"end":{"line":43,"column":56}}]},"10":{"line":44,"type":"if","locations":[{"start":{"line":44,"column":8},"end":{"line":44,"column":8}},{"start":{"line":44,"column":8},"end":{"line":44,"column":8}}]},"11":{"line":53,"type":"if","locations":[{"start":{"line":53,"column":8},"end":{"line":53,"column":8}},{"start":{"line":53,"column":8},"end":{"line":53,"column":8}}]},"12":{"line":58,"type":"if","locations":[{"start":{"line":58,"column":59},"end":{"line":58,"column":59}},{"start":{"line":58,"column":59},"end":{"line":58,"column":59}}]},"13":{"line":60,"type":"if","locations":[{"start":{"line":60,"column":8},"end":{"line":60,"column":8}},{"start":{"line":60,"column":8},"end":{"line":60,"column":8}}]},"14":{"line":60,"type":"cond-expr","locations":[{"start":{"line":60,"column":12},"end":{"line":60,"column":22}},{"start":{"line":60,"column":27},"end":{"line":60,"column":46}}]},"15":{"line":63,"type":"if","locations":[{"start":{"line":63,"column":8},"end":{"line":63,"column":8}},{"start":{"line":63,"column":8},"end":{"line":63,"column":8}}]},"16":{"line":69,"type":"if","locations":[{"start":{"line":69,"column":8},"end":{"line":69,"column":8}},{"start":{"line":69,"column":8},"end":{"line":69,"column":8}}]}}},"src\\contracts\\interfaces\\IDaoToken.sol":{"l":{},"path":"C:\\Users\\Aruet\\ObligatorioTaller2\\Obligatorio-Taller2---Politi-Ruete-Alvarez\\src\\contracts\\interfaces\\IDaoToken.sol","s":{},"b":{},"f":{},"fnMap":{},"statementMap":{},"branchMap":{}}}